c:\users\mcraisins\source\repos\cs6323_project\x64\release\vc141.pdb
c:\users\mcraisins\source\repos\cs6323_project\x64\release\spring.obj
c:\users\mcraisins\source\repos\cs6323_project\x64\release\renderer.obj
c:\users\mcraisins\source\repos\cs6323_project\x64\release\mass.obj
c:\users\mcraisins\source\repos\cs6323_project\x64\release\main.obj
c:\users\mcraisins\source\repos\cs6323_project\x64\release\imgui_widgets.obj
c:\users\mcraisins\source\repos\cs6323_project\x64\release\imgui_impl_opengl3.obj
c:\users\mcraisins\source\repos\cs6323_project\x64\release\imgui_impl_glfw.obj
c:\users\mcraisins\source\repos\cs6323_project\x64\release\imgui_draw.obj
c:\users\mcraisins\source\repos\cs6323_project\x64\release\imgui_demo.obj
c:\users\mcraisins\source\repos\cs6323_project\x64\release\imgui.obj
c:\users\mcraisins\source\repos\cs6323_project\x64\release\cloth.obj
c:\users\mcraisins\source\repos\cs6323_project\x64\release\cs6323_project.ipdb
c:\users\mcraisins\source\repos\cs6323_project\x64\release\cs6323_project.iobj
c:\users\mcraisins\source\repos\cs6323_project\x64\release\cs6323_project.exe
c:\users\mcraisins\source\repos\cs6323_project\x64\release\cs6323_project.pdb
c:\users\mcraisins\source\repos\cs6323_project\x64\release\cs6323_project.tlog\cl.command.1.tlog
c:\users\mcraisins\source\repos\cs6323_project\x64\release\cs6323_project.tlog\cl.read.1.tlog
c:\users\mcraisins\source\repos\cs6323_project\x64\release\cs6323_project.tlog\cl.write.1.tlog
c:\users\mcraisins\source\repos\cs6323_project\x64\release\cs6323_project.tlog\cs6323_project.write.1u.tlog
c:\users\mcraisins\source\repos\cs6323_project\x64\release\cs6323_project.tlog\link.command.1.tlog
c:\users\mcraisins\source\repos\cs6323_project\x64\release\cs6323_project.tlog\link.read.1.tlog
c:\users\mcraisins\source\repos\cs6323_project\x64\release\cs6323_project.tlog\link.write.1.tlog
